<?xml version="1.0" encoding="UTF-8"?>
<!-- Generated by org.testng.reporters.JUnitXMLReporter -->
<testsuite hostname="MacBook-Pro" ignored="0" name="Test" tests="4" failures="2" timestamp="25 May 2018 17:33:10 GMT" time="7.791" errors="0">
  <testcase name="R1_enterTextAndVerify" time="0.187" classname="Celmatix.ToDoApp.ToDoMvcTest"/>
  <testcase name="R2_countToDoItems" time="0.018" classname="Celmatix.ToDoApp.ToDoMvcTest"/>
  <testcase name="R3_clickClearCompleted" time="0.038" classname="Celmatix.ToDoApp.ToDoMvcTest">
    <failure type="org.openqa.selenium.NoSuchElementException" message="Unable to locate element: //button[@class=&amp;apos;clear-completed&amp;apos;]
For documentation on this error, please visit: http://seleniumhq.org/exceptions/no_such_element.html
Build info: version: &amp;apos;3.11.0&amp;apos;, revision: &amp;apos;e59cfb3&amp;apos;, time: &amp;apos;2018-03-11T20:26:55.152Z&amp;apos;
System info: host: &amp;apos;MacBook-Pro&amp;apos;, ip: &amp;apos;192.168.1.3&amp;apos;, os.name: &amp;apos;Mac OS X&amp;apos;, os.arch: &amp;apos;x86_64&amp;apos;, os.version: &amp;apos;10.13.4&amp;apos;, java.version: &amp;apos;1.8.0_73&amp;apos;
Driver info: org.openqa.selenium.firefox.FirefoxDriver
Capabilities {acceptInsecureCerts: true, browserName: firefox, browserVersion: 57.0.4, javascriptEnabled: true, moz:accessibilityChecks: false, moz:headless: false, moz:processID: 24365, moz:profile: /var/folders/nc/g6qm6s0j4sl..., moz:webdriverClick: false, pageLoadStrategy: normal, platform: MAC, platformName: MAC, platformVersion: 17.5.0, rotatable: false, timeouts: {implicit: 0, pageLoad: 300000, script: 30000}}
Session ID: 57b0a8ca-6cf2-0145-b39c-52a3d51e9407
*** Element info: {Using=xpath, value=//button[@class=&amp;apos;clear-completed&amp;apos;]}">
      <![CDATA[org.openqa.selenium.NoSuchElementException: Unable to locate element: //button[@class='clear-completed']
For documentation on this error, please visit: http://seleniumhq.org/exceptions/no_such_element.html
Build info: version: '3.11.0', revision: 'e59cfb3', time: '2018-03-11T20:26:55.152Z'
System info: host: 'MacBook-Pro', ip: '192.168.1.3', os.name: 'Mac OS X', os.arch: 'x86_64', os.version: '10.13.4', java.version: '1.8.0_73'
Driver info: org.openqa.selenium.firefox.FirefoxDriver
Capabilities {acceptInsecureCerts: true, browserName: firefox, browserVersion: 57.0.4, javascriptEnabled: true, moz:accessibilityChecks: false, moz:headless: false, moz:processID: 24365, moz:profile: /var/folders/nc/g6qm6s0j4sl..., moz:webdriverClick: false, pageLoadStrategy: normal, platform: MAC, platformName: MAC, platformVersion: 17.5.0, rotatable: false, timeouts: {implicit: 0, pageLoad: 300000, script: 30000}}
Session ID: 57b0a8ca-6cf2-0145-b39c-52a3d51e9407
*** Element info: {Using=xpath, value=//button[@class='clear-completed']}
at org.openqa.selenium.remote.http.W3CHttpResponseCodec.createException(W3CHttpResponseCodec.java:187)
at org.openqa.selenium.remote.http.W3CHttpResponseCodec.decode(W3CHttpResponseCodec.java:122)
at org.openqa.selenium.remote.http.W3CHttpResponseCodec.decode(W3CHttpResponseCodec.java:49)
at org.openqa.selenium.remote.HttpCommandExecutor.execute(HttpCommandExecutor.java:158)
at org.openqa.selenium.remote.service.DriverCommandExecutor.execute(DriverCommandExecutor.java:83)
at org.openqa.selenium.remote.RemoteWebDriver.execute(RemoteWebDriver.java:545)
at org.openqa.selenium.remote.RemoteWebDriver.findElement(RemoteWebDriver.java:319)
at org.openqa.selenium.remote.RemoteWebDriver.findElementByXPath(RemoteWebDriver.java:421)
at org.openqa.selenium.By$ByXPath.findElement(By.java:361)
at org.openqa.selenium.remote.RemoteWebDriver.findElement(RemoteWebDriver.java:311)
at Celmatix.ToDoApp.ToDoMvcTest.R3_clickClearCompleted(ToDoMvcTest.java:67)
... Removed 29 stack frames]]>
    </failure>
  </testcase> <!-- R3_clickClearCompleted -->
  <testcase name="selectItem" time="0.0" classname="Celmatix.ToDoApp.ToDoMvcTest">
    <failure type="org.testng.TestNGException" message="
Cannot inject @Test annotated Method [selectItem] with [class java.lang.String].
For more information on native dependency injection please refer to http://testng.org/doc/documentation-main.html#native-dependency-injection">
      <![CDATA[org.testng.TestNGException: 
Cannot inject @Test annotated Method [selectItem] with [class java.lang.String].
For more information on native dependency injection please refer to http://testng.org/doc/documentation-main.html#native-dependency-injection
... Removed 24 stack frames]]>
    </failure>
  </testcase> <!-- selectItem -->
</testsuite> <!-- Test -->
