<?xml version="1.0" encoding="UTF-8"?>
<testng-results skipped="0" failed="1" ignored="0" total="12" passed="11">
  <reporter-output>
  </reporter-output>
  <suite name="Default suite" duration-ms="10759" started-at="2018-05-26T04:21:57Z" finished-at="2018-05-26T04:22:07Z">
    <groups>
    </groups>
    <test name="Default test" duration-ms="10759" started-at="2018-05-26T04:21:57Z" finished-at="2018-05-26T04:22:07Z">
      <class name="Celmatix.ToDoApp.ToDoMvcTest">
        <test-method status="PASS" signature="launchApplication()[pri:0, instance:Celmatix.ToDoApp.ToDoMvcTest@6fc6f14e]" name="launchApplication" is-config="true" duration-ms="6448" started-at="2018-05-26T04:21:57Z" finished-at="2018-05-26T04:22:03Z">
          <reporter-output>
          </reporter-output>
        </test-method> <!-- launchApplication -->
        <test-method status="PASS" signature="R1_enterTextAndVerify()[pri:0, instance:Celmatix.ToDoApp.ToDoMvcTest@6fc6f14e]" name="R1_enterTextAndVerify" duration-ms="624" started-at="2018-05-26T04:22:03Z" finished-at="2018-05-26T04:22:04Z">
          <reporter-output>
          </reporter-output>
        </test-method> <!-- R1_enterTextAndVerify -->
        <test-method status="PASS" signature="R2_enterTextAndVerify()[pri:0, instance:Celmatix.ToDoApp.ToDoMvcTest@6fc6f14e]" name="R2_enterTextAndVerify" duration-ms="208" started-at="2018-05-26T04:22:04Z" finished-at="2018-05-26T04:22:04Z">
          <reporter-output>
          </reporter-output>
        </test-method> <!-- R2_enterTextAndVerify -->
        <test-method status="PASS" signature="R3_enterTextAndVerify()[pri:0, instance:Celmatix.ToDoApp.ToDoMvcTest@6fc6f14e]" name="R3_enterTextAndVerify" duration-ms="298" started-at="2018-05-26T04:22:04Z" finished-at="2018-05-26T04:22:04Z">
          <reporter-output>
          </reporter-output>
        </test-method> <!-- R3_enterTextAndVerify -->
        <test-method status="PASS" signature="R4_countToDoItems()[pri:0, instance:Celmatix.ToDoApp.ToDoMvcTest@6fc6f14e]" name="R4_countToDoItems" duration-ms="34" started-at="2018-05-26T04:22:04Z" finished-at="2018-05-26T04:22:04Z">
          <reporter-output>
          </reporter-output>
        </test-method> <!-- R4_countToDoItems -->
        <test-method status="PASS" signature="R5_MarkItemCompleted()[pri:0, instance:Celmatix.ToDoApp.ToDoMvcTest@6fc6f14e]" name="R5_MarkItemCompleted" duration-ms="128" started-at="2018-05-26T04:22:04Z" finished-at="2018-05-26T04:22:04Z">
          <reporter-output>
          </reporter-output>
        </test-method> <!-- R5_MarkItemCompleted -->
        <test-method status="PASS" signature="R6_verifyItemCountAfterTaskComplete()[pri:0, instance:Celmatix.ToDoApp.ToDoMvcTest@6fc6f14e]" name="R6_verifyItemCountAfterTaskComplete" duration-ms="23" started-at="2018-05-26T04:22:04Z" finished-at="2018-05-26T04:22:04Z">
          <reporter-output>
          </reporter-output>
        </test-method> <!-- R6_verifyItemCountAfterTaskComplete -->
        <test-method status="FAIL" signature="R7_ClearCompletedAndVerifyList()[pri:0, instance:Celmatix.ToDoApp.ToDoMvcTest@6fc6f14e]" name="R7_ClearCompletedAndVerifyList" duration-ms="213" started-at="2018-05-26T04:22:04Z" finished-at="2018-05-26T04:22:05Z">
          <exception class="java.lang.AssertionError">
            <message>
              <![CDATA[The completed task “wash cat” is not removed on clearing the completed. expected [false] but found [false]]]>
            </message>
            <full-stacktrace>
              <![CDATA[java.lang.AssertionError: The completed task “wash cat” is not removed on clearing the completed. expected [false] but found [false]
at org.testng.Assert.fail(Assert.java:96)
at org.testng.Assert.failNotEquals(Assert.java:776)
at org.testng.Assert.assertEqualsImpl(Assert.java:137)
at org.testng.Assert.assertEquals(Assert.java:118)
at Celmatix.ToDoApp.ToDoMvcTest.R7_ClearCompletedAndVerifyList(ToDoMvcTest.java:173)
at sun.reflect.NativeMethodAccessorImpl.invoke0(Native Method)
at sun.reflect.NativeMethodAccessorImpl.invoke(NativeMethodAccessorImpl.java:62)
at sun.reflect.DelegatingMethodAccessorImpl.invoke(DelegatingMethodAccessorImpl.java:43)
at java.lang.reflect.Method.invoke(Method.java:497)
at org.testng.internal.MethodInvocationHelper.invokeMethod(MethodInvocationHelper.java:124)
at org.testng.internal.Invoker.invokeMethod(Invoker.java:580)
at org.testng.internal.Invoker.invokeTestMethod(Invoker.java:716)
at org.testng.internal.Invoker.invokeTestMethods(Invoker.java:988)
at org.testng.internal.TestMethodWorker.invokeTestMethods(TestMethodWorker.java:125)
at org.testng.internal.TestMethodWorker.run(TestMethodWorker.java:109)
at org.testng.TestRunner.privateRun(TestRunner.java:648)
at org.testng.TestRunner.run(TestRunner.java:505)
at org.testng.SuiteRunner.runTest(SuiteRunner.java:455)
at org.testng.SuiteRunner.runSequentially(SuiteRunner.java:450)
at org.testng.SuiteRunner.privateRun(SuiteRunner.java:415)
at org.testng.SuiteRunner.run(SuiteRunner.java:364)
at org.testng.SuiteRunnerWorker.runSuite(SuiteRunnerWorker.java:52)
at org.testng.SuiteRunnerWorker.run(SuiteRunnerWorker.java:84)
at org.testng.TestNG.runSuitesSequentially(TestNG.java:1208)
at org.testng.TestNG.runSuitesLocally(TestNG.java:1137)
at org.testng.TestNG.runSuites(TestNG.java:1049)
at org.testng.TestNG.run(TestNG.java:1017)
at org.testng.remote.AbstractRemoteTestNG.run(AbstractRemoteTestNG.java:114)
at org.testng.remote.RemoteTestNG.initAndRun(RemoteTestNG.java:251)
at org.testng.remote.RemoteTestNG.main(RemoteTestNG.java:77)
]]>
            </full-stacktrace>
          </exception> <!-- java.lang.AssertionError -->
          <reporter-output>
          </reporter-output>
        </test-method> <!-- R7_ClearCompletedAndVerifyList -->
        <test-method status="PASS" signature="R8_VerifyCodeInjectionExploit(java.lang.String)[pri:0, instance:Celmatix.ToDoApp.ToDoMvcTest@6fc6f14e]" name="R8_VerifyCodeInjectionExploit" duration-ms="435" started-at="2018-05-26T04:22:05Z" data-provider="getData" finished-at="2018-05-26T04:22:05Z">
          <params>
            <param index="0">
              <value>
                <![CDATA[<script>alert('Injected!');</script>]]>
              </value>
            </param>
          </params>
          <reporter-output>
          </reporter-output>
        </test-method> <!-- R8_VerifyCodeInjectionExploit -->
        <test-method status="PASS" signature="R8_VerifyCodeInjectionExploit(java.lang.String)[pri:0, instance:Celmatix.ToDoApp.ToDoMvcTest@6fc6f14e]" name="R8_VerifyCodeInjectionExploit" duration-ms="445" started-at="2018-05-26T04:22:05Z" data-provider="getData" finished-at="2018-05-26T04:22:06Z">
          <params>
            <param index="0">
              <value>
                <![CDATA[javascript:alert(document.cookie);]]>
              </value>
            </param>
          </params>
          <reporter-output>
          </reporter-output>
        </test-method> <!-- R8_VerifyCodeInjectionExploit -->
        <test-method status="PASS" signature="R8_VerifyCodeInjectionExploit(java.lang.String)[pri:0, instance:Celmatix.ToDoApp.ToDoMvcTest@6fc6f14e]" name="R8_VerifyCodeInjectionExploit" duration-ms="456" started-at="2018-05-26T04:22:06Z" data-provider="getData" finished-at="2018-05-26T04:22:06Z">
          <params>
            <param index="0">
              <value>
                <![CDATA[javascript:alert('Executed!');]]>
              </value>
            </param>
          </params>
          <reporter-output>
          </reporter-output>
        </test-method> <!-- R8_VerifyCodeInjectionExploit -->
        <test-method status="PASS" signature="R8_VerifyCodeInjectionExploit(java.lang.String)[pri:0, instance:Celmatix.ToDoApp.ToDoMvcTest@6fc6f14e]" name="R8_VerifyCodeInjectionExploit" duration-ms="611" started-at="2018-05-26T04:22:06Z" data-provider="getData" finished-at="2018-05-26T04:22:07Z">
          <params>
            <param index="0">
              <value>
                <![CDATA[javascript:void(document.forms[0].total.value=1);]]>
              </value>
            </param>
          </params>
          <reporter-output>
          </reporter-output>
        </test-method> <!-- R8_VerifyCodeInjectionExploit -->
        <test-method status="PASS" signature="R8_VerifyCodeInjectionExploit(java.lang.String)[pri:0, instance:Celmatix.ToDoApp.ToDoMvcTest@6fc6f14e]" name="R8_VerifyCodeInjectionExploit" duration-ms="633" started-at="2018-05-26T04:22:07Z" data-provider="getData" finished-at="2018-05-26T04:22:07Z">
          <params>
            <param index="0">
              <value>
                <![CDATA[Select count(*) from todos where name="" or "1=1"]]>
              </value>
            </param>
          </params>
          <reporter-output>
          </reporter-output>
        </test-method> <!-- R8_VerifyCodeInjectionExploit -->
        <test-method status="PASS" signature="CloseApplication()[pri:0, instance:Celmatix.ToDoApp.ToDoMvcTest@6fc6f14e]" name="CloseApplication" is-config="true" duration-ms="107" started-at="2018-05-26T04:22:07Z" finished-at="2018-05-26T04:22:07Z">
          <reporter-output>
          </reporter-output>
        </test-method> <!-- CloseApplication -->
      </class> <!-- Celmatix.ToDoApp.ToDoMvcTest -->
    </test> <!-- Default test -->
  </suite> <!-- Default suite -->
</testng-results>
