<html>
<head>
<title>TestNG:  Default test</title>
<link href="../testng.css" rel="stylesheet" type="text/css" />
<link href="../my-testng.css" rel="stylesheet" type="text/css" />

<style type="text/css">
.log { display: none;} 
.stack-trace { display: none;} 
</style>
<script type="text/javascript">
<!--
function flip(e) {
  current = e.style.display;
  if (current == 'block') {
    e.style.display = 'none';
    return 0;
  }
  else {
    e.style.display = 'block';
    return 1;
  }
}

function toggleBox(szDivId, elem, msg1, msg2)
{
  var res = -1;  if (document.getElementById) {
    res = flip(document.getElementById(szDivId));
  }
  else if (document.all) {
    // this is the way old msie versions work
    res = flip(document.all[szDivId]);
  }
  if(elem) {
    if(res == 0) elem.innerHTML = msg1; else elem.innerHTML = msg2;
  }

}

function toggleAllBoxes() {
  if (document.getElementsByTagName) {
    d = document.getElementsByTagName('div');
    for (i = 0; i < d.length; i++) {
      if (d[i].className == 'log') {
        flip(d[i]);
      }
    }
  }
}

// -->
</script>

</head>
<body>
<h2 align='center'>Default test</h2><table border='1' align="center">
<tr>
<td>Tests passed/Failed/Skipped:</td><td>11/1/0</td>
</tr><tr>
<td>Started on:</td><td>Sat May 26 00:21:57 EDT 2018</td>
</tr>
<tr><td>Total time:</td><td>10 seconds (10759 ms)</td>
</tr><tr>
<td>Included groups:</td><td></td>
</tr><tr>
<td>Excluded groups:</td><td></td>
</tr>
</table><p/>
<small><i>(Hover the method name to see the test class name)</i></small><p/>
<table width='100%' border='1' class='invocation-failed'>
<tr><td colspan='4' align='center'><b>FAILED TESTS</b></td></tr>
<tr><td><b>Test method</b></td>
<td width="30%"><b>Exception</b></td>
<td width="10%"><b>Time (seconds)</b></td>
<td><b>Instance</b></td>
</tr>
<tr>
<td title='Celmatix.ToDoApp.ToDoMvcTest.R7_ClearCompletedAndVerifyList()'><b>R7_ClearCompletedAndVerifyList</b><br>Test class: Celmatix.ToDoApp.ToDoMvcTest</td>
<td><div><pre>java.lang.AssertionError: The completed task “wash cat” is not removed on clearing the completed. expected [false] but found [false]
	at org.testng.Assert.fail(Assert.java:96)
	at org.testng.Assert.failNotEquals(Assert.java:776)
	at org.testng.Assert.assertEqualsImpl(Assert.java:137)
	at org.testng.Assert.assertEquals(Assert.java:118)
	at Celmatix.ToDoApp.ToDoMvcTest.R7_ClearCompletedAndVerifyList(ToDoMvcTest.java:173)
	at sun.reflect.NativeMethodAccessorImpl.invoke0(Native Method)
	at sun.reflect.NativeMethodAccessorImpl.invoke(NativeMethodAccessorImpl.java:62)
	at sun.reflect.DelegatingMethodAccessorImpl.invoke(DelegatingMethodAccessorImpl.java:43)
	at java.lang.reflect.Method.invoke(Method.java:497)
	at org.testng.internal.MethodInvocationHelper.invokeMethod(MethodInvocationHelper.java:124)
	at org.testng.internal.Invoker.invokeMethod(Invoker.java:580)
	at org.testng.internal.Invoker.invokeTestMethod(Invoker.java:716)
	at org.testng.internal.Invoker.invokeTestMethods(Invoker.java:988)
	at org.testng.internal.TestMethodWorker.invokeTestMethods(TestMethodWorker.java:125)
	at org.testng.internal.TestMethodWorker.run(TestMethodWorker.java:109)
	at org.testng.TestRunner.privateRun(TestRunner.java:648)
	at org.testng.TestRunner.run(TestRunner.java:505)
	at org.testng.SuiteRunner.runTest(SuiteRunner.java:455)
	at org.testng.SuiteRunner.runSequentially(SuiteRunner.java:450)
	at org.testng.SuiteRunner.privateRun(SuiteRunner.java:415)
	at org.testng.SuiteRunner.run(SuiteRunner.java:364)
	at org.testng.SuiteRunnerWorker.runSuite(SuiteRunnerWorker.java:52)
	at org.testng.SuiteRunnerWorker.run(SuiteRunnerWorker.java:84)
	at org.testng.TestNG.runSuitesSequentially(TestNG.java:1208)
	at org.testng.TestNG.runSuitesLocally(TestNG.java:1137)
	at org.testng.TestNG.runSuites(TestNG.java:1049)
	at org.testng.TestNG.run(TestNG.java:1017)
	at org.testng.remote.AbstractRemoteTestNG.run(AbstractRemoteTestNG.java:114)
	at org.testng.remote.RemoteTestNG.initAndRun(RemoteTestNG.java:251)
	at org.testng.remote.RemoteTestNG.main(RemoteTestNG.java:77)
</pre></div><a href='#' onClick='toggleBox("stack-trace1191654595", this, "Click to show all stack frames", "Click to hide stack frames")'>Click to show all stack frames</a>
<div class='stack-trace' id='stack-trace1191654595'><pre>java.lang.AssertionError: The completed task “wash cat” is not removed on clearing the completed. expected [false] but found [false]
	at org.testng.Assert.fail(Assert.java:96)
	at org.testng.Assert.failNotEquals(Assert.java:776)
	at org.testng.Assert.assertEqualsImpl(Assert.java:137)
	at org.testng.Assert.assertEquals(Assert.java:118)
	at Celmatix.ToDoApp.ToDoMvcTest.R7_ClearCompletedAndVerifyList(ToDoMvcTest.java:173)
	at sun.reflect.NativeMethodAccessorImpl.invoke0(Native Method)
	at sun.reflect.NativeMethodAccessorImpl.invoke(NativeMethodAccessorImpl.java:62)
	at sun.reflect.DelegatingMethodAccessorImpl.invoke(DelegatingMethodAccessorImpl.java:43)
	at java.lang.reflect.Method.invoke(Method.java:497)
	at org.testng.internal.MethodInvocationHelper.invokeMethod(MethodInvocationHelper.java:124)
	at org.testng.internal.Invoker.invokeMethod(Invoker.java:580)
	at org.testng.internal.Invoker.invokeTestMethod(Invoker.java:716)
	at org.testng.internal.Invoker.invokeTestMethods(Invoker.java:988)
	at org.testng.internal.TestMethodWorker.invokeTestMethods(TestMethodWorker.java:125)
	at org.testng.internal.TestMethodWorker.run(TestMethodWorker.java:109)
	at org.testng.TestRunner.privateRun(TestRunner.java:648)
	at org.testng.TestRunner.run(TestRunner.java:505)
	at org.testng.SuiteRunner.runTest(SuiteRunner.java:455)
	at org.testng.SuiteRunner.runSequentially(SuiteRunner.java:450)
	at org.testng.SuiteRunner.privateRun(SuiteRunner.java:415)
	at org.testng.SuiteRunner.run(SuiteRunner.java:364)
	at org.testng.SuiteRunnerWorker.runSuite(SuiteRunnerWorker.java:52)
	at org.testng.SuiteRunnerWorker.run(SuiteRunnerWorker.java:84)
	at org.testng.TestNG.runSuitesSequentially(TestNG.java:1208)
	at org.testng.TestNG.runSuitesLocally(TestNG.java:1137)
	at org.testng.TestNG.runSuites(TestNG.java:1049)
	at org.testng.TestNG.run(TestNG.java:1017)
	at org.testng.remote.AbstractRemoteTestNG.run(AbstractRemoteTestNG.java:114)
	at org.testng.remote.RemoteTestNG.initAndRun(RemoteTestNG.java:251)
	at org.testng.remote.RemoteTestNG.main(RemoteTestNG.java:77)
</pre></div></td>
<td>0</td>
<td>Celmatix.ToDoApp.ToDoMvcTest@6fc6f14e</td></tr>
</table><p>
<table width='100%' border='1' class='invocation-passed'>
<tr><td colspan='4' align='center'><b>PASSED TESTS</b></td></tr>
<tr><td><b>Test method</b></td>
<td width="30%"><b>Exception</b></td>
<td width="10%"><b>Time (seconds)</b></td>
<td><b>Instance</b></td>
</tr>
<tr>
<td title='Celmatix.ToDoApp.ToDoMvcTest.R1_enterTextAndVerify()'><b>R1_enterTextAndVerify</b><br>Test class: Celmatix.ToDoApp.ToDoMvcTest</td>
<td></td>
<td>0</td>
<td>Celmatix.ToDoApp.ToDoMvcTest@6fc6f14e</td></tr>
<tr>
<td title='Celmatix.ToDoApp.ToDoMvcTest.R2_enterTextAndVerify()'><b>R2_enterTextAndVerify</b><br>Test class: Celmatix.ToDoApp.ToDoMvcTest</td>
<td></td>
<td>0</td>
<td>Celmatix.ToDoApp.ToDoMvcTest@6fc6f14e</td></tr>
<tr>
<td title='Celmatix.ToDoApp.ToDoMvcTest.R3_enterTextAndVerify()'><b>R3_enterTextAndVerify</b><br>Test class: Celmatix.ToDoApp.ToDoMvcTest</td>
<td></td>
<td>0</td>
<td>Celmatix.ToDoApp.ToDoMvcTest@6fc6f14e</td></tr>
<tr>
<td title='Celmatix.ToDoApp.ToDoMvcTest.R4_countToDoItems()'><b>R4_countToDoItems</b><br>Test class: Celmatix.ToDoApp.ToDoMvcTest</td>
<td></td>
<td>0</td>
<td>Celmatix.ToDoApp.ToDoMvcTest@6fc6f14e</td></tr>
<tr>
<td title='Celmatix.ToDoApp.ToDoMvcTest.R5_MarkItemCompleted()'><b>R5_MarkItemCompleted</b><br>Test class: Celmatix.ToDoApp.ToDoMvcTest</td>
<td></td>
<td>0</td>
<td>Celmatix.ToDoApp.ToDoMvcTest@6fc6f14e</td></tr>
<tr>
<td title='Celmatix.ToDoApp.ToDoMvcTest.R6_verifyItemCountAfterTaskComplete()'><b>R6_verifyItemCountAfterTaskComplete</b><br>Test class: Celmatix.ToDoApp.ToDoMvcTest</td>
<td></td>
<td>0</td>
<td>Celmatix.ToDoApp.ToDoMvcTest@6fc6f14e</td></tr>
<tr>
<td title='Celmatix.ToDoApp.ToDoMvcTest.R8_VerifyCodeInjectionExploit()'><b>R8_VerifyCodeInjectionExploit</b><br>Test class: Celmatix.ToDoApp.ToDoMvcTest<br>Parameters: <script>alert('Injected!');</script></td>
<td></td>
<td>0</td>
<td>Celmatix.ToDoApp.ToDoMvcTest@6fc6f14e</td></tr>
<tr>
<td title='Celmatix.ToDoApp.ToDoMvcTest.R8_VerifyCodeInjectionExploit()'><b>R8_VerifyCodeInjectionExploit</b><br>Test class: Celmatix.ToDoApp.ToDoMvcTest<br>Parameters: javascript:alert(document.cookie);</td>
<td></td>
<td>0</td>
<td>Celmatix.ToDoApp.ToDoMvcTest@6fc6f14e</td></tr>
<tr>
<td title='Celmatix.ToDoApp.ToDoMvcTest.R8_VerifyCodeInjectionExploit()'><b>R8_VerifyCodeInjectionExploit</b><br>Test class: Celmatix.ToDoApp.ToDoMvcTest<br>Parameters: javascript:alert('Executed!');</td>
<td></td>
<td>0</td>
<td>Celmatix.ToDoApp.ToDoMvcTest@6fc6f14e</td></tr>
<tr>
<td title='Celmatix.ToDoApp.ToDoMvcTest.R8_VerifyCodeInjectionExploit()'><b>R8_VerifyCodeInjectionExploit</b><br>Test class: Celmatix.ToDoApp.ToDoMvcTest<br>Parameters: javascript:void(document.forms[0].total.value=1);</td>
<td></td>
<td>0</td>
<td>Celmatix.ToDoApp.ToDoMvcTest@6fc6f14e</td></tr>
<tr>
<td title='Celmatix.ToDoApp.ToDoMvcTest.R8_VerifyCodeInjectionExploit()'><b>R8_VerifyCodeInjectionExploit</b><br>Test class: Celmatix.ToDoApp.ToDoMvcTest<br>Parameters: Select count(*) from todos where name="" or "1=1"</td>
<td></td>
<td>0</td>
<td>Celmatix.ToDoApp.ToDoMvcTest@6fc6f14e</td></tr>
</table><p>
</body>
</html>